<?xml version="1.0" encoding="UTF-8"?>
<!-- Generated by org.testng.reporters.JUnitReportReporter -->
<testsuite hostname="DESKTOP-S06RMK2" failures="0" tests="1" name="passPort.Demo.day1" time="0.011" errors="0" timestamp="2023-12-27T16:18:43 IST" skipped="0">
  <testcase classname="passPort.Demo.day1" name="personalloan" time="0.011"/>
  <system-out/>
</testsuite> <!-- passPort.Demo.day1 -->
