<?xml version="1.0" encoding="UTF-8"?>
<!-- Generated by org.testng.reporters.JUnitReportReporter -->
<testsuite hostname="DESKTOP-S06RMK2" failures="0" tests="2" name="rahulShettyTestng.day2" time="0.022" errors="0" timestamp="2024-04-10T17:07:50 IST" skipped="0">
  <testcase classname="rahulShettyTestng.day2" name="carloan" time="0.012"/>
  <system-out/>
  <testcase classname="rahulShettyTestng.day2" name="hello" time="0.010"/>
  <system-out/>
</testsuite> <!-- rahulShettyTestng.day2 -->
