<?xml version="1.0" encoding="UTF-8"?>
<!-- Generated by org.testng.reporters.JUnitReportReporter -->
<testsuite hostname="DESKTOP-S06RMK2" failures="0" tests="3" name="rahulShettyTestng.day1" time="0.018" errors="0" timestamp="2024-04-17T16:51:59 IST" skipped="1">
  <testcase classname="rahulShettyTestng.day1" name="personalloan" time="0.015"/>
  <system-out/>
  <testcase classname="rahulShettyTestng.day1" name="setuppppp" time="0.003"/>
  <system-out/>
  <testcase classname="rahulShettyTestng.day1" name="setup">
    <skipped/>
  </testcase> <!-- setup -->
  <system-out/>
</testsuite> <!-- rahulShettyTestng.day1 -->
